[2026-03-04T17:28:07.895Z] {"timestamp":1772645286733,"kind":"click","url":"http://localhost:3000/","viewport":{"width":1440,"height":719},"payload":{"target":{"tag":"div","id":null,"name":null,"type":null,"role":null,"ariaLabel":null,"testId":null,"dataLoc":null,"href":null,"text":"","selectorHint":"div"},"x":988,"y":116}}
[2026-03-04T17:28:07.895Z] {"timestamp":1772645287288,"kind":"scroll","url":"http://localhost:3000/","viewport":{"width":1440,"height":719},"payload":{"scrollX":0,"scrollY":3.5,"documentHeight":5049,"viewportHeight":719}}
[2026-03-04T17:28:09.892Z] {"timestamp":1772645288037,"kind":"scroll","url":"http://localhost:3000/","viewport":{"width":1440,"height":719},"payload":{"scrollX":0,"scrollY":931.5,"documentHeight":5049,"viewportHeight":719}}
[2026-03-04T17:28:09.892Z] {"timestamp":1772645288547,"kind":"scroll","url":"http://localhost:3000/","viewport":{"width":1440,"height":719},"payload":{"scrollX":0,"scrollY":2544,"documentHeight":5049,"viewportHeight":719}}
[2026-03-04T17:28:09.892Z] {"timestamp":1772645289381,"kind":"scroll","url":"http://localhost:3000/","viewport":{"width":1440,"height":719},"payload":{"scrollX":0,"scrollY":4329.5,"documentHeight":5049,"viewportHeight":719}}
[2026-03-04T17:28:11.892Z] {"timestamp":1772645290498,"kind":"scroll","url":"http://localhost:3000/","viewport":{"width":1440,"height":719},"payload":{"scrollX":0,"scrollY":3843.5,"documentHeight":5049,"viewportHeight":719}}
[2026-03-04T17:28:17.892Z] {"timestamp":1772645296163,"kind":"scroll","url":"http://localhost:3000/","viewport":{"width":1440,"height":719},"payload":{"scrollX":0,"scrollY":3935,"documentHeight":5049,"viewportHeight":719}}
[2026-03-04T17:28:17.892Z] {"timestamp":1772645296664,"kind":"scroll","url":"http://localhost:3000/","viewport":{"width":1440,"height":719},"payload":{"scrollX":0,"scrollY":774,"documentHeight":5049,"viewportHeight":719}}
[2026-03-04T17:28:37.900Z] {"timestamp":1772645317273,"kind":"click","url":"http://localhost:3000/","viewport":{"width":1440,"height":719},"payload":{"target":{"tag":"div","id":null,"name":null,"type":null,"role":null,"ariaLabel":null,"testId":null,"dataLoc":null,"href":null,"text":"","selectorHint":"div"},"x":207,"y":80}}
[2026-03-04T17:28:41.893Z] {"timestamp":1772645320803,"kind":"scroll","url":"http://localhost:3000/","viewport":{"width":1440,"height":719},"payload":{"scrollX":0,"scrollY":3,"documentHeight":5049,"viewportHeight":719}}
[2026-03-04T17:28:41.893Z] {"timestamp":1772645321448,"kind":"scroll","url":"http://localhost:3000/","viewport":{"width":1440,"height":719},"payload":{"scrollX":0,"scrollY":459,"documentHeight":5049,"viewportHeight":719}}
[2026-03-04T17:28:43.894Z] {"timestamp":1772645322035,"kind":"scroll","url":"http://localhost:3000/","viewport":{"width":1440,"height":719},"payload":{"scrollX":0,"scrollY":4022,"documentHeight":5049,"viewportHeight":719}}
[2026-03-04T17:28:43.894Z] {"timestamp":1772645322630,"kind":"scroll","url":"http://localhost:3000/","viewport":{"width":1440,"height":719},"payload":{"scrollX":0,"scrollY":4328,"documentHeight":5049,"viewportHeight":719}}
[2026-03-04T17:28:43.894Z] {"timestamp":1772645323136,"kind":"scroll","url":"http://localhost:3000/","viewport":{"width":1440,"height":719},"payload":{"scrollX":0,"scrollY":3878.5,"documentHeight":5049,"viewportHeight":719}}
[2026-03-04T17:28:43.894Z] {"timestamp":1772645323847,"kind":"scroll","url":"http://localhost:3000/","viewport":{"width":1440,"height":719},"payload":{"scrollX":0,"scrollY":4329.5,"documentHeight":5049,"viewportHeight":719}}
[2026-03-04T17:28:45.893Z] {"timestamp":1772645324347,"kind":"scroll","url":"http://localhost:3000/","viewport":{"width":1440,"height":719},"payload":{"scrollX":0,"scrollY":3881,"documentHeight":5049,"viewportHeight":719}}
[2026-03-04T17:28:45.893Z] {"timestamp":1772645324913,"kind":"scroll","url":"http://localhost:3000/","viewport":{"width":1440,"height":719},"payload":{"scrollX":0,"scrollY":3973,"documentHeight":5049,"viewportHeight":719}}
[2026-03-04T17:28:51.897Z] {"timestamp":1772645330965,"kind":"scroll","url":"http://localhost:3000/","viewport":{"width":882,"height":719},"payload":{"scrollX":0,"scrollY":4079.5,"documentHeight":5643,"viewportHeight":719}}
[2026-03-04T17:28:51.897Z] {"timestamp":1772645331469,"kind":"scroll","url":"http://localhost:3000/","viewport":{"width":882,"height":719},"payload":{"scrollX":0,"scrollY":4572.5,"documentHeight":5643,"viewportHeight":719}}
[2026-03-04T17:29:45.901Z] {"timestamp":1772645385814,"kind":"scroll","url":"http://localhost:3000/","viewport":{"width":1440,"height":719},"payload":{"scrollX":0,"scrollY":4330,"documentHeight":5049,"viewportHeight":719}}
[2026-03-04T17:31:05.898Z] {"timestamp":1772645464653,"kind":"scroll","url":"http://localhost:3000/","viewport":{"width":1440,"height":719},"payload":{"scrollX":0,"scrollY":4324,"documentHeight":5049,"viewportHeight":719}}
[2026-03-04T17:31:11.896Z] {"timestamp":1772645471034,"kind":"scroll","url":"http://localhost:3000/","viewport":{"width":882,"height":719},"payload":{"scrollX":0,"scrollY":4236,"documentHeight":5643,"viewportHeight":719}}
[2026-03-04T17:31:11.896Z] {"timestamp":1772645471535,"kind":"scroll","url":"http://localhost:3000/","viewport":{"width":882,"height":719},"payload":{"scrollX":0,"scrollY":4333.5,"documentHeight":5643,"viewportHeight":719}}
[2026-03-04T17:31:13.890Z] {"timestamp":1772645472035,"kind":"scroll","url":"http://localhost:3000/","viewport":{"width":882,"height":719},"payload":{"scrollX":0,"scrollY":4461,"documentHeight":5643,"viewportHeight":719}}
[2026-03-04T17:31:37.900Z] {"timestamp":1772645497669,"kind":"scroll","url":"http://localhost:3000/","viewport":{"width":882,"height":719},"payload":{"scrollX":0,"scrollY":4493,"documentHeight":5643,"viewportHeight":719}}
[2026-03-04T17:43:57.311Z] {"timestamp":1772646235622,"kind":"scroll","url":"http://localhost:3000/","viewport":{"width":882,"height":719},"payload":{"scrollX":0,"scrollY":4496.5,"documentHeight":5643,"viewportHeight":719}}
[2026-03-04T18:29:43.348Z] {"timestamp":1772648981925,"kind":"click","url":"http://localhost:3000/","viewport":{"width":882,"height":719},"payload":{"target":{"tag":"h2","id":null,"name":null,"type":null,"role":null,"ariaLabel":null,"testId":null,"dataLoc":null,"href":null,"text":"Get In Touch","selectorHint":"h2"},"x":201,"y":243}}
[2026-03-04T18:33:49.321Z] {"timestamp":1772649228804,"kind":"scroll","url":"http://localhost:3000/","viewport":{"width":882,"height":719},"payload":{"scrollX":0,"scrollY":4496,"documentHeight":5643,"viewportHeight":719}}
[2026-03-04T18:33:51.313Z] {"timestamp":1772649229322,"kind":"scroll","url":"http://localhost:3000/","viewport":{"width":882,"height":719},"payload":{"scrollX":0,"scrollY":2426,"documentHeight":5643,"viewportHeight":719}}
[2026-03-04T18:33:57.311Z] {"timestamp":1772649237080,"kind":"click","url":"http://localhost:3000/","viewport":{"width":1440,"height":719},"payload":{"target":{"tag":"img","id":null,"name":null,"type":null,"role":null,"ariaLabel":null,"testId":null,"dataLoc":null,"href":null,"text":"","selectorHint":"img"},"x":856,"y":362}}
[2026-03-04T18:34:01.315Z] {"timestamp":1772649240268,"kind":"click","url":"http://localhost:3000/","viewport":{"width":1440,"height":719},"payload":{"target":{"tag":"span","id":null,"name":null,"type":null,"role":null,"ariaLabel":null,"testId":null,"dataLoc":null,"href":null,"text":"Join a Winning Team","selectorHint":"span"},"x":199,"y":173}}
[2026-03-04T18:34:03.316Z] {"timestamp":1772649241498,"kind":"click","url":"http://localhost:3000/","viewport":{"width":1440,"height":719},"payload":{"target":{"tag":"section","id":null,"name":null,"type":null,"role":null,"ariaLabel":null,"testId":null,"dataLoc":null,"href":null,"text":"Join a Winning Team Build Your Insurance Career With Us Contact us to see if Hea…","selectorHint":"section"},"x":11,"y":180}}
[2026-03-04T18:34:03.316Z] {"timestamp":1772649241867,"kind":"click","url":"http://localhost:3000/","viewport":{"width":1440,"height":719},"payload":{"target":{"tag":"div","id":null,"name":null,"type":null,"role":null,"ariaLabel":null,"testId":null,"dataLoc":null,"href":null,"text":"Join a Winning Team Build Your Insurance Career With Us Contact us to see if Hea…","selectorHint":"div"},"x":349,"y":179}}
[2026-03-04T18:59:15.342Z] {"timestamp":1772650753962,"kind":"scroll","url":"http://localhost:3000/","viewport":{"width":1440,"height":719},"payload":{"scrollX":0,"scrollY":0.5,"documentHeight":5049,"viewportHeight":719}}
[2026-03-04T18:59:15.344Z] {"timestamp":1772650754582,"kind":"scroll","url":"http://localhost:3000/","viewport":{"width":1440,"height":719},"payload":{"scrollX":0,"scrollY":3578.5,"documentHeight":5049,"viewportHeight":719}}
[2026-03-04T18:59:17.314Z] {"timestamp":1772650755583,"kind":"scroll","url":"http://localhost:3000/","viewport":{"width":1440,"height":719},"payload":{"scrollX":0,"scrollY":4329.5,"documentHeight":5049,"viewportHeight":719}}
[2026-03-04T18:59:17.314Z] {"timestamp":1772650756561,"kind":"scroll","url":"http://localhost:3000/","viewport":{"width":1440,"height":719},"payload":{"scrollX":0,"scrollY":3410.5,"documentHeight":5049,"viewportHeight":719}}
[2026-03-04T19:05:22.987Z] {"timestamp":1772651121617,"kind":"scroll","url":"http://localhost:3000/","viewport":{"width":1440,"height":719},"payload":{"scrollX":0,"scrollY":0.5,"documentHeight":5049,"viewportHeight":719}}
[2026-03-04T19:05:22.987Z] {"timestamp":1772651122259,"kind":"scroll","url":"http://localhost:3000/","viewport":{"width":1440,"height":719},"payload":{"scrollX":0,"scrollY":1854,"documentHeight":5049,"viewportHeight":719}}
[2026-03-04T19:05:22.987Z] {"timestamp":1772651122946,"kind":"scroll","url":"http://localhost:3000/","viewport":{"width":1440,"height":719},"payload":{"scrollX":0,"scrollY":2769,"documentHeight":5049,"viewportHeight":719}}
[2026-03-04T19:05:24.984Z] {"timestamp":1772651123448,"kind":"scroll","url":"http://localhost:3000/","viewport":{"width":1440,"height":719},"payload":{"scrollX":0,"scrollY":2383,"documentHeight":5049,"viewportHeight":719}}
[2026-03-04T19:05:24.984Z] {"timestamp":1772651123949,"kind":"scroll","url":"http://localhost:3000/","viewport":{"width":1440,"height":719},"payload":{"scrollX":0,"scrollY":2086,"documentHeight":5049,"viewportHeight":719}}
[2026-03-04T19:05:24.984Z] {"timestamp":1772651124449,"kind":"scroll","url":"http://localhost:3000/","viewport":{"width":1440,"height":719},"payload":{"scrollX":0,"scrollY":1893.5,"documentHeight":5049,"viewportHeight":719}}
[2026-03-04T19:05:26.983Z] {"timestamp":1772651125017,"kind":"scroll","url":"http://localhost:3000/","viewport":{"width":1440,"height":719},"payload":{"scrollX":0,"scrollY":1881,"documentHeight":5049,"viewportHeight":719}}
[2026-03-04T19:05:26.983Z] {"timestamp":1772651125532,"kind":"scroll","url":"http://localhost:3000/","viewport":{"width":1440,"height":719},"payload":{"scrollX":0,"scrollY":2359,"documentHeight":5049,"viewportHeight":719}}
[2026-03-04T19:05:28.982Z] {"timestamp":1772651127144,"kind":"scroll","url":"http://localhost:3000/","viewport":{"width":1440,"height":719},"payload":{"scrollX":0,"scrollY":2720,"documentHeight":5049,"viewportHeight":719}}
[2026-03-04T19:05:28.982Z] {"timestamp":1772651127749,"kind":"scroll","url":"http://localhost:3000/","viewport":{"width":1440,"height":719},"payload":{"scrollX":0,"scrollY":2772,"documentHeight":5049,"viewportHeight":719}}
[2026-03-04T19:05:30.982Z] {"timestamp":1772651129199,"kind":"scroll","url":"http://localhost:3000/","viewport":{"width":1440,"height":719},"payload":{"scrollX":0,"scrollY":3136,"documentHeight":5049,"viewportHeight":719}}
[2026-03-04T19:05:30.983Z] {"timestamp":1772651130033,"kind":"scroll","url":"http://localhost:3000/","viewport":{"width":1440,"height":719},"payload":{"scrollX":0,"scrollY":3481.5,"documentHeight":5049,"viewportHeight":719}}
[2026-03-04T19:05:30.983Z] {"timestamp":1772651130832,"kind":"scroll","url":"http://localhost:3000/","viewport":{"width":1440,"height":719},"payload":{"scrollX":0,"scrollY":3503,"documentHeight":5049,"viewportHeight":719}}
[2026-03-04T19:05:32.981Z] {"timestamp":1772651131717,"kind":"scroll","url":"http://localhost:3000/","viewport":{"width":1440,"height":719},"payload":{"scrollX":0,"scrollY":3868.5,"documentHeight":5049,"viewportHeight":719}}
[2026-03-04T19:05:32.981Z] {"timestamp":1772651132233,"kind":"scroll","url":"http://localhost:3000/","viewport":{"width":1440,"height":719},"payload":{"scrollX":0,"scrollY":3979.5,"documentHeight":5049,"viewportHeight":719}}
[2026-03-04T19:05:32.981Z] {"timestamp":1772651132750,"kind":"scroll","url":"http://localhost:3000/","viewport":{"width":1440,"height":719},"payload":{"scrollX":0,"scrollY":4025,"documentHeight":5049,"viewportHeight":719}}
[2026-03-04T19:05:34.982Z] {"timestamp":1772651133447,"kind":"scroll","url":"http://localhost:3000/","viewport":{"width":1440,"height":719},"payload":{"scrollX":0,"scrollY":4329.5,"documentHeight":5049,"viewportHeight":719}}
[2026-03-04T19:05:34.982Z] {"timestamp":1772651134033,"kind":"scroll","url":"http://localhost:3000/","viewport":{"width":1440,"height":719},"payload":{"scrollX":0,"scrollY":4246,"documentHeight":5049,"viewportHeight":719}}
[2026-03-04T19:05:34.982Z] {"timestamp":1772651134682,"kind":"scroll","url":"http://localhost:3000/","viewport":{"width":1440,"height":719},"payload":{"scrollX":0,"scrollY":3836.5,"documentHeight":5049,"viewportHeight":719}}
[2026-03-04T19:05:36.984Z] {"timestamp":1772651135617,"kind":"scroll","url":"http://localhost:3000/","viewport":{"width":1440,"height":719},"payload":{"scrollX":0,"scrollY":3897.5,"documentHeight":5049,"viewportHeight":719}}
[2026-03-04T19:05:36.984Z] {"timestamp":1772651136134,"kind":"scroll","url":"http://localhost:3000/","viewport":{"width":1440,"height":719},"payload":{"scrollX":0,"scrollY":4029.5,"documentHeight":5049,"viewportHeight":719}}
[2026-03-04T19:05:40.983Z] {"timestamp":1772651140077,"kind":"scroll","url":"http://localhost:3000/","viewport":{"width":1440,"height":719},"payload":{"scrollX":0,"scrollY":4029,"documentHeight":5049,"viewportHeight":719}}
[2026-03-04T19:05:40.983Z] {"timestamp":1772651140599,"kind":"scroll","url":"http://localhost:3000/","viewport":{"width":1440,"height":719},"payload":{"scrollX":0,"scrollY":4000,"documentHeight":5049,"viewportHeight":719}}
[2026-03-04T19:05:42.982Z] {"timestamp":1772651142694,"kind":"click","url":"http://localhost:3000/","viewport":{"width":1440,"height":719},"payload":{"target":{"tag":"img","id":null,"name":null,"type":null,"role":null,"ariaLabel":null,"testId":null,"dataLoc":null,"href":null,"text":"","selectorHint":"img"},"x":491,"y":395}}
[2026-03-04T19:05:44.982Z] {"timestamp":1772651144640,"kind":"click","url":"http://localhost:3000/","viewport":{"width":1440,"height":719},"payload":{"target":{"tag":"img","id":null,"name":null,"type":null,"role":null,"ariaLabel":null,"testId":null,"dataLoc":null,"href":null,"text":"","selectorHint":"img"},"x":460,"y":357}}
[2026-03-04T19:06:19.815Z] {"timestamp":1772651177879,"kind":"scroll","url":"http://localhost:3000/","viewport":{"width":882,"height":719},"payload":{"scrollX":0,"scrollY":3997,"documentHeight":5643,"viewportHeight":719}}
[2026-03-04T19:19:49.832Z] {"timestamp":1772651988260,"kind":"focusin","url":"http://localhost:3000/","viewport":{"width":882,"height":719},"payload":{"target":{"tag":"a","id":null,"name":null,"type":null,"role":null,"ariaLabel":null,"testId":null,"dataLoc":null,"href":"#about","text":"About","selectorHint":"a"}}}
[2026-03-04T19:19:49.834Z] {"timestamp":1772651989760,"kind":"scroll","url":"http://localhost:3000/","viewport":{"width":1440,"height":719},"payload":{"scrollX":0,"scrollY":3996,"documentHeight":5049,"viewportHeight":719}}
[2026-03-04T19:19:51.810Z] {"timestamp":1772651990269,"kind":"scroll","url":"http://localhost:3000/","viewport":{"width":1440,"height":719},"payload":{"scrollX":0,"scrollY":2345,"documentHeight":5049,"viewportHeight":719}}
[2026-03-04T19:19:51.810Z] {"timestamp":1772651990777,"kind":"scroll","url":"http://localhost:3000/","viewport":{"width":1440,"height":719},"payload":{"scrollX":0,"scrollY":701,"documentHeight":5049,"viewportHeight":719}}
[2026-03-04T19:19:53.816Z] {"timestamp":1772651992707,"kind":"focusout","url":"http://localhost:3000/","viewport":{"width":1440,"height":719},"payload":{"target":{"tag":"a","id":null,"name":null,"type":null,"role":null,"ariaLabel":null,"testId":null,"dataLoc":null,"href":"#about","text":"About","selectorHint":"a"},"value":null}}
[2026-03-04T19:19:53.816Z] {"timestamp":1772651992802,"kind":"click","url":"http://localhost:3000/","viewport":{"width":1440,"height":719},"payload":{"target":{"tag":"div","id":null,"name":null,"type":null,"role":null,"ariaLabel":null,"testId":null,"dataLoc":null,"href":null,"text":"Join a Winning Team Build Your Insurance Career With Us Contact us to see if Hea…","selectorHint":"div"},"x":1003,"y":183}}
[2026-03-04T19:19:53.816Z] {"timestamp":1772651993554,"kind":"focusin","url":"http://localhost:3000/","viewport":{"width":1440,"height":719},"payload":{"target":{"tag":"a","id":null,"name":null,"type":null,"role":null,"ariaLabel":null,"testId":null,"dataLoc":null,"href":"#benefits","text":"Why Join","selectorHint":"a"}}}
[2026-03-04T19:19:53.816Z] {"timestamp":1772651993618,"kind":"click","url":"http://localhost:3000/","viewport":{"width":1440,"height":719},"payload":{"target":{"tag":"a","id":null,"name":null,"type":null,"role":null,"ariaLabel":null,"testId":null,"dataLoc":null,"href":"#benefits","text":"Why Join","selectorHint":"a"},"x":1025,"y":30}}
[2026-03-04T19:19:53.816Z] {"timestamp":1772651993620,"kind":"navigate","url":"http://localhost:3000/#benefits","viewport":{"width":1440,"height":719},"payload":{"reason":"popstate"}}
[2026-03-04T19:19:53.816Z] {"timestamp":1772651993621,"kind":"focusout","url":"http://localhost:3000/#benefits","viewport":{"width":1440,"height":719},"payload":{"target":{"tag":"a","id":null,"name":null,"type":null,"role":null,"ariaLabel":null,"testId":null,"dataLoc":null,"href":"#benefits","text":"Why Join","selectorHint":"a"},"value":null}}
[2026-03-04T19:19:53.816Z] {"timestamp":1772651993627,"kind":"navigate","url":"http://localhost:3000/#benefits","viewport":{"width":1440,"height":719},"payload":{"reason":"hashchange"}}
[2026-03-04T19:19:53.816Z] {"timestamp":1772651993642,"kind":"scroll","url":"http://localhost:3000/#benefits","viewport":{"width":1440,"height":719},"payload":{"scrollX":0,"scrollY":1,"documentHeight":5049,"viewportHeight":719}}
[2026-03-04T19:19:55.814Z] {"timestamp":1772651994143,"kind":"scroll","url":"http://localhost:3000/#benefits","viewport":{"width":1440,"height":719},"payload":{"scrollX":0,"scrollY":1376,"documentHeight":5049,"viewportHeight":719}}
[2026-03-04T19:21:03.464Z] {"timestamp":1772652061526,"kind":"scroll","url":"http://localhost:3000/#benefits","viewport":{"width":1440,"height":719},"payload":{"scrollX":0,"scrollY":1525,"documentHeight":5049,"viewportHeight":719}}
[2026-03-04T19:21:25.617Z] {"timestamp":1772652083743,"kind":"scroll","url":"http://localhost:3000/#benefits","viewport":{"width":1440,"height":719},"payload":{"scrollX":0,"scrollY":1525,"documentHeight":5049,"viewportHeight":719}}
[2026-03-04T19:21:36.164Z] {"timestamp":1772652094210,"kind":"scroll","url":"http://localhost:3000/#benefits","viewport":{"width":1440,"height":719},"payload":{"scrollX":0,"scrollY":1525,"documentHeight":5049,"viewportHeight":719}}
[2026-03-04T19:21:49.438Z] {"timestamp":1772652107475,"kind":"scroll","url":"http://localhost:3000/#benefits","viewport":{"width":1440,"height":719},"payload":{"scrollX":0,"scrollY":1525,"documentHeight":5049,"viewportHeight":719}}
[2026-03-04T19:21:53.196Z] {"timestamp":1772652111245,"kind":"scroll","url":"http://localhost:3000/#benefits","viewport":{"width":1440,"height":719},"payload":{"scrollX":0,"scrollY":1525,"documentHeight":5049,"viewportHeight":719}}
[2026-03-04T19:22:12.144Z] {"timestamp":1772652130211,"kind":"scroll","url":"http://localhost:3000/#benefits","viewport":{"width":1440,"height":719},"payload":{"scrollX":0,"scrollY":1525,"documentHeight":5049,"viewportHeight":719}}
[2026-03-04T19:22:17.231Z] {"timestamp":1772652135260,"kind":"scroll","url":"http://localhost:3000/#benefits","viewport":{"width":1440,"height":719},"payload":{"scrollX":0,"scrollY":1525,"documentHeight":5049,"viewportHeight":719}}
[2026-03-04T19:22:36.098Z] {"timestamp":1772652154343,"kind":"scroll","url":"http://localhost:3000/#benefits","viewport":{"width":1440,"height":719},"payload":{"scrollX":0,"scrollY":1525,"documentHeight":5049,"viewportHeight":719}}
[2026-03-04T19:22:39.576Z] {"timestamp":1772652157609,"kind":"scroll","url":"http://localhost:3000/#benefits","viewport":{"width":1440,"height":719},"payload":{"scrollX":0,"scrollY":1525,"documentHeight":5049,"viewportHeight":719}}
[2026-03-04T19:22:43.776Z] {"timestamp":1772652161827,"kind":"scroll","url":"http://localhost:3000/#benefits","viewport":{"width":1440,"height":719},"payload":{"scrollX":0,"scrollY":1525,"documentHeight":5049,"viewportHeight":719}}
[2026-03-04T19:23:03.398Z] {"timestamp":1772652181442,"kind":"scroll","url":"http://localhost:3000/#benefits","viewport":{"width":1440,"height":719},"payload":{"scrollX":0,"scrollY":1525,"documentHeight":5049,"viewportHeight":719}}
[2026-03-04T19:23:13.451Z] {"timestamp":1772652191526,"kind":"scroll","url":"http://localhost:3000/#benefits","viewport":{"width":1440,"height":719},"payload":{"scrollX":0,"scrollY":1525,"documentHeight":5049,"viewportHeight":719}}
[2026-03-04T19:23:24.690Z] {"timestamp":1772652202728,"kind":"scroll","url":"http://localhost:3000/#benefits","viewport":{"width":1440,"height":719},"payload":{"scrollX":0,"scrollY":1525,"documentHeight":5049,"viewportHeight":719}}
[2026-03-04T19:23:37.780Z] {"timestamp":1772652215826,"kind":"scroll","url":"http://localhost:3000/#benefits","viewport":{"width":1440,"height":719},"payload":{"scrollX":0,"scrollY":1525,"documentHeight":5049,"viewportHeight":719}}
[2026-03-04T19:27:42.922Z] {"timestamp":1772652461037,"kind":"scroll","url":"http://localhost:3000/#benefits","viewport":{"width":1440,"height":719},"payload":{"scrollX":0,"scrollY":585.5,"documentHeight":5049,"viewportHeight":719}}
[2026-03-04T19:27:44.920Z] {"timestamp":1772652463109,"kind":"scroll","url":"http://localhost:3000/#benefits","viewport":{"width":1440,"height":719},"payload":{"scrollX":0,"scrollY":582.5,"documentHeight":5049,"viewportHeight":719}}
[2026-03-04T19:27:44.920Z] {"timestamp":1772652464744,"kind":"scroll","url":"http://localhost:3000/#benefits","viewport":{"width":1440,"height":719},"payload":{"scrollX":0,"scrollY":1.5,"documentHeight":5049,"viewportHeight":719}}
[2026-03-04T19:27:46.920Z] {"timestamp":1772652465376,"kind":"scroll","url":"http://localhost:3000/#benefits","viewport":{"width":1440,"height":719},"payload":{"scrollX":0,"scrollY":429.5,"documentHeight":5049,"viewportHeight":719}}
[2026-03-04T19:27:46.920Z] {"timestamp":1772652465876,"kind":"scroll","url":"http://localhost:3000/#benefits","viewport":{"width":1440,"height":719},"payload":{"scrollX":0,"scrollY":1370,"documentHeight":5049,"viewportHeight":719}}
[2026-03-04T19:27:46.920Z] {"timestamp":1772652466381,"kind":"scroll","url":"http://localhost:3000/#benefits","viewport":{"width":1440,"height":719},"payload":{"scrollX":0,"scrollY":641.5,"documentHeight":5049,"viewportHeight":719}}
[2026-03-04T19:27:48.921Z] {"timestamp":1772652467642,"kind":"click","url":"http://localhost:3000/#benefits","viewport":{"width":1440,"height":719},"payload":{"target":{"tag":"div","id":null,"name":null,"type":null,"role":null,"ariaLabel":null,"testId":null,"dataLoc":null,"href":null,"text":"//TODO: Add image ABOUT THE LEADER Stephanie - Your Insurance Leadership Partner…","selectorHint":"div"},"x":80,"y":228}}
[2026-03-04T19:27:48.921Z] {"timestamp":1772652467972,"kind":"click","url":"http://localhost:3000/#benefits","viewport":{"width":1440,"height":719},"payload":{"target":{"tag":"div","id":null,"name":null,"type":null,"role":null,"ariaLabel":null,"testId":null,"dataLoc":null,"href":null,"text":"//TODO: Add image ABOUT THE LEADER Stephanie - Your Insurance Leadership Partner…","selectorHint":"div"},"x":334,"y":309}}
[2026-03-04T19:27:50.921Z] {"timestamp":1772652469309,"kind":"scroll","url":"http://localhost:3000/#benefits","viewport":{"width":1440,"height":719},"payload":{"scrollX":0,"scrollY":871.5,"documentHeight":5049,"viewportHeight":719}}
[2026-03-04T19:27:50.921Z] {"timestamp":1772652469824,"kind":"scroll","url":"http://localhost:3000/#benefits","viewport":{"width":1440,"height":719},"payload":{"scrollX":0,"scrollY":765.5,"documentHeight":5049,"viewportHeight":719}}
[2026-03-04T19:27:50.921Z] {"timestamp":1772652470331,"kind":"scroll","url":"http://localhost:3000/#benefits","viewport":{"width":1440,"height":719},"payload":{"scrollX":0,"scrollY":371.5,"documentHeight":5049,"viewportHeight":719}}
[2026-03-04T19:27:50.921Z] {"timestamp":1772652470831,"kind":"scroll","url":"http://localhost:3000/#benefits","viewport":{"width":1440,"height":719},"payload":{"scrollX":0,"scrollY":858.5,"documentHeight":5049,"viewportHeight":719}}
[2026-03-04T19:31:00.924Z] {"timestamp":1772652658925,"kind":"scroll","url":"http://localhost:3000/#benefits","viewport":{"width":1440,"height":719},"payload":{"scrollX":0,"scrollY":859.5,"documentHeight":5049,"viewportHeight":719}}
[2026-03-04T20:11:14.697Z] {"timestamp":1772655073144,"kind":"focusin","url":"http://localhost:3000/#benefits","viewport":{"width":1440,"height":719},"payload":{"target":{"tag":"a","id":null,"name":null,"type":null,"role":null,"ariaLabel":null,"testId":null,"dataLoc":null,"href":"#about","text":"About","selectorHint":"a"}}}
[2026-03-04T20:11:14.697Z] {"timestamp":1772655073216,"kind":"click","url":"http://localhost:3000/#benefits","viewport":{"width":1440,"height":719},"payload":{"target":{"tag":"a","id":null,"name":null,"type":null,"role":null,"ariaLabel":null,"testId":null,"dataLoc":null,"href":"#about","text":"About","selectorHint":"a"},"x":944,"y":35}}
[2026-03-04T20:11:14.697Z] {"timestamp":1772655073220,"kind":"navigate","url":"http://localhost:3000/#about","viewport":{"width":1440,"height":719},"payload":{"reason":"popstate"}}
[2026-03-04T20:11:14.697Z] {"timestamp":1772655073221,"kind":"focusout","url":"http://localhost:3000/#about","viewport":{"width":1440,"height":719},"payload":{"target":{"tag":"a","id":null,"name":null,"type":null,"role":null,"ariaLabel":null,"testId":null,"dataLoc":null,"href":"#about","text":"About","selectorHint":"a"},"value":null}}
[2026-03-04T20:11:14.697Z] {"timestamp":1772655073222,"kind":"navigate","url":"http://localhost:3000/#about","viewport":{"width":1440,"height":719},"payload":{"reason":"hashchange"}}
[2026-03-04T20:11:14.697Z] {"timestamp":1772655073239,"kind":"scroll","url":"http://localhost:3000/#about","viewport":{"width":1440,"height":719},"payload":{"scrollX":0,"scrollY":1,"documentHeight":5049,"viewportHeight":719}}
[2026-03-04T20:11:14.697Z] {"timestamp":1772655073755,"kind":"scroll","url":"http://localhost:3000/#about","viewport":{"width":1440,"height":719},"payload":{"scrollX":0,"scrollY":673.5,"documentHeight":5049,"viewportHeight":719}}
[2026-03-04T20:11:14.697Z] {"timestamp":1772655074580,"kind":"focusin","url":"http://localhost:3000/#about","viewport":{"width":1440,"height":719},"payload":{"target":{"tag":"a","id":null,"name":null,"type":null,"role":null,"ariaLabel":null,"testId":null,"dataLoc":null,"href":"#benefits","text":"Why Join","selectorHint":"a"}}}
[2026-03-04T20:11:14.697Z] {"timestamp":1772655074637,"kind":"click","url":"http://localhost:3000/#about","viewport":{"width":1440,"height":719},"payload":{"target":{"tag":"a","id":null,"name":null,"type":null,"role":null,"ariaLabel":null,"testId":null,"dataLoc":null,"href":"#benefits","text":"Why Join","selectorHint":"a"},"x":1031,"y":27}}
[2026-03-04T20:11:14.697Z] {"timestamp":1772655074637,"kind":"navigate","url":"http://localhost:3000/#benefits","viewport":{"width":1440,"height":719},"payload":{"reason":"popstate"}}
[2026-03-04T20:11:14.697Z] {"timestamp":1772655074638,"kind":"focusout","url":"http://localhost:3000/#benefits","viewport":{"width":1440,"height":719},"payload":{"target":{"tag":"a","id":null,"name":null,"type":null,"role":null,"ariaLabel":null,"testId":null,"dataLoc":null,"href":"#benefits","text":"Why Join","selectorHint":"a"},"value":null}}
[2026-03-04T20:11:14.697Z] {"timestamp":1772655074639,"kind":"navigate","url":"http://localhost:3000/#benefits","viewport":{"width":1440,"height":719},"payload":{"reason":"hashchange"}}
[2026-03-04T20:11:14.697Z] {"timestamp":1772655074655,"kind":"scroll","url":"http://localhost:3000/#benefits","viewport":{"width":1440,"height":719},"payload":{"scrollX":0,"scrollY":679.5,"documentHeight":5049,"viewportHeight":719}}
[2026-03-04T20:11:16.697Z] {"timestamp":1772655075156,"kind":"scroll","url":"http://localhost:3000/#benefits","viewport":{"width":1440,"height":719},"payload":{"scrollX":0,"scrollY":1504,"documentHeight":5049,"viewportHeight":719}}
[2026-03-04T20:11:16.698Z] {"timestamp":1772655075219,"kind":"focusin","url":"http://localhost:3000/#benefits","viewport":{"width":1440,"height":719},"payload":{"target":{"tag":"a","id":null,"name":null,"type":null,"role":null,"ariaLabel":null,"testId":null,"dataLoc":null,"href":"#testimonials","text":"Success Stories","selectorHint":"a"}}}
[2026-03-04T20:11:16.698Z] {"timestamp":1772655075287,"kind":"click","url":"http://localhost:3000/#benefits","viewport":{"width":1440,"height":719},"payload":{"target":{"tag":"a","id":null,"name":null,"type":null,"role":null,"ariaLabel":null,"testId":null,"dataLoc":null,"href":"#testimonials","text":"Success Stories","selectorHint":"a"},"x":1181,"y":34}}
[2026-03-04T20:11:16.698Z] {"timestamp":1772655075288,"kind":"navigate","url":"http://localhost:3000/#testimonials","viewport":{"width":1440,"height":719},"payload":{"reason":"popstate"}}
[2026-03-04T20:11:16.698Z] {"timestamp":1772655075288,"kind":"focusout","url":"http://localhost:3000/#testimonials","viewport":{"width":1440,"height":719},"payload":{"target":{"tag":"a","id":null,"name":null,"type":null,"role":null,"ariaLabel":null,"testId":null,"dataLoc":null,"href":"#testimonials","text":"Success Stories","selectorHint":"a"},"value":null}}
[2026-03-04T20:11:16.698Z] {"timestamp":1772655075289,"kind":"navigate","url":"http://localhost:3000/#testimonials","viewport":{"width":1440,"height":719},"payload":{"reason":"hashchange"}}
[2026-03-04T20:11:16.698Z] {"timestamp":1772655075656,"kind":"scroll","url":"http://localhost:3000/#testimonials","viewport":{"width":1440,"height":719},"payload":{"scrollX":0,"scrollY":2507.5,"documentHeight":5049,"viewportHeight":719}}
[2026-03-04T20:11:16.698Z] {"timestamp":1772655076120,"kind":"focusin","url":"http://localhost:3000/#testimonials","viewport":{"width":1440,"height":719},"payload":{"target":{"tag":"a","id":null,"name":null,"type":null,"role":null,"ariaLabel":null,"testId":null,"dataLoc":null,"href":"#contact","text":"Contact","selectorHint":"a"}}}
[2026-03-04T20:11:16.698Z] {"timestamp":1772655076176,"kind":"click","url":"http://localhost:3000/#testimonials","viewport":{"width":1440,"height":719},"payload":{"target":{"tag":"a","id":null,"name":null,"type":null,"role":null,"ariaLabel":null,"testId":null,"dataLoc":null,"href":"#contact","text":"Contact","selectorHint":"a"},"x":1264,"y":35}}
[2026-03-04T20:11:16.698Z] {"timestamp":1772655076177,"kind":"navigate","url":"http://localhost:3000/#contact","viewport":{"width":1440,"height":719},"payload":{"reason":"popstate"}}
[2026-03-04T20:11:16.698Z] {"timestamp":1772655076178,"kind":"focusout","url":"http://localhost:3000/#contact","viewport":{"width":1440,"height":719},"payload":{"target":{"tag":"a","id":null,"name":null,"type":null,"role":null,"ariaLabel":null,"testId":null,"dataLoc":null,"href":"#contact","text":"Contact","selectorHint":"a"},"value":null}}
[2026-03-04T20:11:16.698Z] {"timestamp":1772655076179,"kind":"navigate","url":"http://localhost:3000/#contact","viewport":{"width":1440,"height":719},"payload":{"reason":"hashchange"}}
[2026-03-04T20:11:16.698Z] {"timestamp":1772655076189,"kind":"scroll","url":"http://localhost:3000/#contact","viewport":{"width":1440,"height":719},"payload":{"scrollX":0,"scrollY":2730,"documentHeight":5049,"viewportHeight":719}}
[2026-03-04T20:11:18.700Z] {"timestamp":1772655076705,"kind":"scroll","url":"http://localhost:3000/#contact","viewport":{"width":1440,"height":719},"payload":{"scrollX":0,"scrollY":3922,"documentHeight":5049,"viewportHeight":719}}
[2026-03-04T20:11:18.700Z] {"timestamp":1772655076970,"kind":"focusin","url":"http://localhost:3000/#contact","viewport":{"width":1440,"height":719},"payload":{"target":{"tag":"a","id":null,"name":null,"type":null,"role":null,"ariaLabel":null,"testId":null,"dataLoc":null,"href":"#about","text":"About","selectorHint":"a"}}}
[2026-03-04T20:11:18.700Z] {"timestamp":1772655077037,"kind":"click","url":"http://localhost:3000/#contact","viewport":{"width":1440,"height":719},"payload":{"target":{"tag":"a","id":null,"name":null,"type":null,"role":null,"ariaLabel":null,"testId":null,"dataLoc":null,"href":"#about","text":"About","selectorHint":"a"},"x":937,"y":33}}
[2026-03-04T20:11:18.700Z] {"timestamp":1772655077038,"kind":"navigate","url":"http://localhost:3000/#about","viewport":{"width":1440,"height":719},"payload":{"reason":"popstate"}}
[2026-03-04T20:11:18.700Z] {"timestamp":1772655077038,"kind":"focusout","url":"http://localhost:3000/#about","viewport":{"width":1440,"height":719},"payload":{"target":{"tag":"a","id":null,"name":null,"type":null,"role":null,"ariaLabel":null,"testId":null,"dataLoc":null,"href":"#about","text":"About","selectorHint":"a"},"value":null}}
[2026-03-04T20:11:18.700Z] {"timestamp":1772655077039,"kind":"navigate","url":"http://localhost:3000/#about","viewport":{"width":1440,"height":719},"payload":{"reason":"hashchange"}}
[2026-03-04T20:11:18.700Z] {"timestamp":1772655077205,"kind":"scroll","url":"http://localhost:3000/#about","viewport":{"width":1440,"height":719},"payload":{"scrollX":0,"scrollY":3839,"documentHeight":5049,"viewportHeight":719}}
[2026-03-04T20:11:18.700Z] {"timestamp":1772655077705,"kind":"scroll","url":"http://localhost:3000/#about","viewport":{"width":1440,"height":719},"payload":{"scrollX":0,"scrollY":1162.5,"documentHeight":5049,"viewportHeight":719}}
[2026-03-04T20:11:18.700Z] {"timestamp":1772655078206,"kind":"scroll","url":"http://localhost:3000/#about","viewport":{"width":1440,"height":719},"payload":{"scrollX":0,"scrollY":702.5,"documentHeight":5049,"viewportHeight":719}}
[2026-03-04T21:50:55.486Z] {"timestamp":1772661053894,"kind":"scroll","url":"http://localhost:3000/#about","viewport":{"width":882,"height":719},"payload":{"scrollX":0,"scrollY":1.5,"documentHeight":5643,"viewportHeight":719}}
[2026-03-04T21:50:55.486Z] {"timestamp":1772661054565,"kind":"scroll","url":"http://localhost:3000/#about","viewport":{"width":882,"height":719},"payload":{"scrollX":0,"scrollY":441,"documentHeight":5643,"viewportHeight":719}}
[2026-03-05T10:49:09.441Z] {"timestamp":1772707747478,"kind":"scroll","url":"http://localhost:3000/apply","viewport":{"width":1440,"height":719},"payload":{"scrollX":0,"scrollY":1517.5,"documentHeight":5077,"viewportHeight":719}}
[2026-03-05T10:49:09.441Z] {"timestamp":1772707748272,"kind":"scroll","url":"http://localhost:3000/apply","viewport":{"width":1440,"height":719},"payload":{"scrollX":0,"scrollY":2450.5,"documentHeight":5077,"viewportHeight":719}}
[2026-03-05T10:49:09.441Z] {"timestamp":1772707748856,"kind":"scroll","url":"http://localhost:3000/apply","viewport":{"width":1440,"height":719},"payload":{"scrollX":0,"scrollY":3337.5,"documentHeight":5077,"viewportHeight":719}}
[2026-03-05T10:49:09.441Z] {"timestamp":1772707749361,"kind":"scroll","url":"http://localhost:3000/apply","viewport":{"width":1440,"height":719},"payload":{"scrollX":0,"scrollY":4167,"documentHeight":5077,"viewportHeight":719}}
[2026-03-05T10:49:11.422Z] {"timestamp":1772707749861,"kind":"scroll","url":"http://localhost:3000/apply","viewport":{"width":1440,"height":719},"payload":{"scrollX":0,"scrollY":4096.5,"documentHeight":5077,"viewportHeight":719}}
[2026-03-05T10:49:15.424Z] {"timestamp":1772707754778,"kind":"scroll","url":"http://localhost:3000/apply","viewport":{"width":932,"height":719},"payload":{"scrollX":0,"scrollY":4085.5,"documentHeight":5643,"viewportHeight":719}}
[2026-03-05T10:49:15.424Z] {"timestamp":1772707755411,"kind":"scroll","url":"http://localhost:3000/apply","viewport":{"width":932,"height":719},"payload":{"scrollX":0,"scrollY":4924,"documentHeight":5643,"viewportHeight":719}}
[2026-03-05T10:49:17.419Z] {"timestamp":1772707756915,"kind":"scroll","url":"http://localhost:3000/apply","viewport":{"width":932,"height":719},"payload":{"scrollX":0,"scrollY":4842,"documentHeight":5643,"viewportHeight":719}}
[2026-03-05T10:49:19.421Z] {"timestamp":1772707757428,"kind":"scroll","url":"http://localhost:3000/apply","viewport":{"width":932,"height":719},"payload":{"scrollX":0,"scrollY":4541.5,"documentHeight":5643,"viewportHeight":719}}
[2026-03-05T10:52:48.729Z] {"timestamp":1772707966981,"kind":"scroll","url":"http://localhost:3000/apply","viewport":{"width":932,"height":719},"payload":{"scrollX":0,"scrollY":4264,"documentHeight":5378,"viewportHeight":719}}
[2026-03-05T10:52:48.729Z] {"timestamp":1772707968221,"kind":"scroll","url":"http://localhost:3000/apply","viewport":{"width":932,"height":719},"payload":{"scrollX":0,"scrollY":4478.5,"documentHeight":5643,"viewportHeight":719}}
[2026-03-05T10:52:50.727Z] {"timestamp":1772707968787,"kind":"scroll","url":"http://localhost:3000/apply","viewport":{"width":932,"height":719},"payload":{"scrollX":0,"scrollY":2597,"documentHeight":5643,"viewportHeight":719}}
[2026-03-05T10:52:50.727Z] {"timestamp":1772707969338,"kind":"scroll","url":"http://localhost:3000/apply","viewport":{"width":932,"height":719},"payload":{"scrollX":0,"scrollY":670.5,"documentHeight":5643,"viewportHeight":719}}
[2026-03-05T10:52:50.727Z] {"timestamp":1772707970687,"kind":"click","url":"http://localhost:3000/apply","viewport":{"width":932,"height":719},"payload":{"target":{"tag":"img","id":null,"name":null,"type":null,"role":null,"ariaLabel":null,"testId":null,"dataLoc":null,"href":null,"text":"","selectorHint":"img"},"x":632,"y":474}}
[2026-03-05T10:52:52.732Z] {"timestamp":1772707971688,"kind":"scroll","url":"http://localhost:3000/apply","viewport":{"width":932,"height":719},"payload":{"scrollX":0,"scrollY":0.5,"documentHeight":5643,"viewportHeight":719}}
[2026-03-05T10:52:52.732Z] {"timestamp":1772707972255,"kind":"scroll","url":"http://localhost:3000/apply","viewport":{"width":932,"height":719},"payload":{"scrollX":0,"scrollY":2460,"documentHeight":5643,"viewportHeight":719}}
[2026-03-05T10:52:54.726Z] {"timestamp":1772707972759,"kind":"scroll","url":"http://localhost:3000/apply","viewport":{"width":932,"height":719},"payload":{"scrollX":0,"scrollY":4043.5,"documentHeight":5643,"viewportHeight":719}}
[2026-03-05T10:52:54.726Z] {"timestamp":1772707973260,"kind":"scroll","url":"http://localhost:3000/apply","viewport":{"width":932,"height":719},"payload":{"scrollX":0,"scrollY":4921,"documentHeight":5643,"viewportHeight":719}}
[2026-03-05T10:52:54.726Z] {"timestamp":1772707973760,"kind":"scroll","url":"http://localhost:3000/apply","viewport":{"width":932,"height":719},"payload":{"scrollX":0,"scrollY":4859.5,"documentHeight":5643,"viewportHeight":719}}
[2026-03-05T10:54:04.584Z] {"timestamp":1772708043588,"kind":"scroll","url":"http://localhost:3000/apply","viewport":{"width":1440,"height":719},"payload":{"scrollX":0,"scrollY":0.5,"documentHeight":5077,"viewportHeight":719}}
[2026-03-05T10:54:04.584Z] {"timestamp":1772708044388,"kind":"scroll","url":"http://localhost:3000/apply","viewport":{"width":1440,"height":719},"payload":{"scrollX":0,"scrollY":2850.5,"documentHeight":5077,"viewportHeight":719}}
[2026-03-05T10:54:06.578Z] {"timestamp":1772708044893,"kind":"scroll","url":"http://localhost:3000/apply","viewport":{"width":1440,"height":719},"payload":{"scrollX":0,"scrollY":4330.5,"documentHeight":5077,"viewportHeight":719}}
[2026-03-05T10:54:06.578Z] {"timestamp":1772708045868,"kind":"click","url":"http://localhost:3000/apply","viewport":{"width":1440,"height":719},"payload":{"target":{"tag":"div","id":null,"name":null,"type":null,"role":null,"ariaLabel":null,"testId":null,"dataLoc":null,"href":null,"text":"Address 5701 E Hillsborough Ave #1120 Tampa, FL 33610 Contact Information Phone:…","selectorHint":"div"},"x":520,"y":384}}
[2026-03-05T12:04:19.815Z] {"timestamp":1772712258095,"kind":"scroll","url":"http://localhost:3000/apply","viewport":{"width":1440,"height":719},"payload":{"scrollX":0,"scrollY":3390,"documentHeight":5077,"viewportHeight":719}}
[2026-03-05T12:04:22.608Z] {"timestamp":1772712262297,"kind":"scroll","url":"http://localhost:3000/apply","viewport":{"width":1440,"height":719},"payload":{"scrollX":0,"scrollY":0.5,"documentHeight":5077,"viewportHeight":719}}
[2026-03-05T12:04:24.602Z] {"timestamp":1772712263009,"kind":"scroll","url":"http://localhost:3000/apply","viewport":{"width":1440,"height":719},"payload":{"scrollX":0,"scrollY":56,"documentHeight":5077,"viewportHeight":719}}
[2026-03-05T12:04:24.602Z] {"timestamp":1772712263514,"kind":"scroll","url":"http://localhost:3000/apply","viewport":{"width":1440,"height":719},"payload":{"scrollX":0,"scrollY":2938.5,"documentHeight":5077,"viewportHeight":719}}
[2026-03-05T12:04:26.605Z] {"timestamp":1772712264891,"kind":"scroll","url":"http://localhost:3000/apply","viewport":{"width":1440,"height":719},"payload":{"scrollX":0,"scrollY":4355.5,"documentHeight":5077,"viewportHeight":719}}
[2026-03-05T12:04:26.605Z] {"timestamp":1772712265441,"kind":"scroll","url":"http://localhost:3000/apply","viewport":{"width":1440,"height":719},"payload":{"scrollX":0,"scrollY":2848.5,"documentHeight":5077,"viewportHeight":719}}
[2026-03-05T12:04:28.605Z] {"timestamp":1772712267102,"kind":"focusin","url":"http://localhost:3000/apply","viewport":{"width":1440,"height":719},"payload":{"target":{"tag":"a","id":null,"name":null,"type":null,"role":null,"ariaLabel":null,"testId":null,"dataLoc":null,"href":"#contact","text":"Contact","selectorHint":"a"}}}
[2026-03-05T12:04:28.605Z] {"timestamp":1772712267184,"kind":"click","url":"http://localhost:3000/apply","viewport":{"width":1440,"height":719},"payload":{"target":{"tag":"a","id":null,"name":null,"type":null,"role":null,"ariaLabel":null,"testId":null,"dataLoc":null,"href":"#contact","text":"Contact","selectorHint":"a"},"x":985,"y":28}}
[2026-03-05T12:04:28.605Z] {"timestamp":1772712267185,"kind":"navigate","url":"http://localhost:3000/apply#contact","viewport":{"width":1440,"height":719},"payload":{"reason":"popstate"}}
[2026-03-05T12:04:28.605Z] {"timestamp":1772712267185,"kind":"focusout","url":"http://localhost:3000/apply#contact","viewport":{"width":1440,"height":719},"payload":{"target":{"tag":"a","id":null,"name":null,"type":null,"role":null,"ariaLabel":null,"testId":null,"dataLoc":null,"href":"#contact","text":"Contact","selectorHint":"a"},"value":null}}
[2026-03-05T12:04:28.605Z] {"timestamp":1772712267186,"kind":"navigate","url":"http://localhost:3000/apply#contact","viewport":{"width":1440,"height":719},"payload":{"reason":"hashchange"}}
[2026-03-05T12:04:28.605Z] {"timestamp":1772712267191,"kind":"scroll","url":"http://localhost:3000/apply#contact","viewport":{"width":1440,"height":719},"payload":{"scrollX":0,"scrollY":1,"documentHeight":5077,"viewportHeight":719}}
[2026-03-05T12:04:28.605Z] {"timestamp":1772712267691,"kind":"scroll","url":"http://localhost:3000/apply#contact","viewport":{"width":1440,"height":719},"payload":{"scrollX":0,"scrollY":2712.5,"documentHeight":5077,"viewportHeight":719}}
[2026-03-05T12:04:28.605Z] {"timestamp":1772712268191,"kind":"scroll","url":"http://localhost:3000/apply#contact","viewport":{"width":1440,"height":719},"payload":{"scrollX":0,"scrollY":3823,"documentHeight":5077,"viewportHeight":719}}
[2026-03-05T12:04:34.604Z] {"timestamp":1772712272930,"kind":"scroll","url":"http://localhost:3000/apply#contact","viewport":{"width":1440,"height":719},"payload":{"scrollX":0,"scrollY":4001.5,"documentHeight":5077,"viewportHeight":719}}
[2026-03-05T12:04:34.604Z] {"timestamp":1772712274258,"kind":"scroll","url":"http://localhost:3000/apply#contact","viewport":{"width":1440,"height":719},"payload":{"scrollX":0,"scrollY":4057,"documentHeight":5077,"viewportHeight":719}}
[2026-03-05T12:04:36.604Z] {"timestamp":1772712275190,"kind":"scroll","url":"http://localhost:3000/apply#contact","viewport":{"width":1440,"height":719},"payload":{"scrollX":0,"scrollY":3268,"documentHeight":5077,"viewportHeight":719}}
[2026-03-05T12:04:36.604Z] {"timestamp":1772712276146,"kind":"scroll","url":"http://localhost:3000/apply#contact","viewport":{"width":1440,"height":719},"payload":{"scrollX":0,"scrollY":2835.5,"documentHeight":5077,"viewportHeight":719}}
[2026-03-05T12:04:38.602Z] {"timestamp":1772712276791,"kind":"scroll","url":"http://localhost:3000/apply#contact","viewport":{"width":1440,"height":719},"payload":{"scrollX":0,"scrollY":2050.5,"documentHeight":5077,"viewportHeight":719}}
[2026-03-05T12:04:38.602Z] {"timestamp":1772712277297,"kind":"scroll","url":"http://localhost:3000/apply#contact","viewport":{"width":1440,"height":719},"payload":{"scrollX":0,"scrollY":8,"documentHeight":5077,"viewportHeight":719}}
[2026-03-05T12:04:38.602Z] {"timestamp":1772712278029,"kind":"scroll","url":"http://localhost:3000/apply#contact","viewport":{"width":1440,"height":719},"payload":{"scrollX":0,"scrollY":2,"documentHeight":5077,"viewportHeight":719}}
[2026-03-05T12:04:40.605Z] {"timestamp":1772712278741,"kind":"scroll","url":"http://localhost:3000/apply#contact","viewport":{"width":1440,"height":719},"payload":{"scrollX":0,"scrollY":895,"documentHeight":5077,"viewportHeight":719}}
[2026-03-05T12:04:40.605Z] {"timestamp":1772712279474,"kind":"scroll","url":"http://localhost:3000/apply#contact","viewport":{"width":1440,"height":719},"payload":{"scrollX":0,"scrollY":571.5,"documentHeight":5077,"viewportHeight":719}}
[2026-03-05T12:04:40.605Z] {"timestamp":1772712280580,"kind":"scroll","url":"http://localhost:3000/apply#contact","viewport":{"width":1440,"height":719},"payload":{"scrollX":0,"scrollY":1432.5,"documentHeight":5077,"viewportHeight":719}}
[2026-03-05T12:04:42.606Z] {"timestamp":1772712281080,"kind":"scroll","url":"http://localhost:3000/apply#contact","viewport":{"width":1440,"height":719},"payload":{"scrollX":0,"scrollY":594.5,"documentHeight":5077,"viewportHeight":719}}
[2026-03-05T12:04:44.602Z] {"timestamp":1772712282909,"kind":"click","url":"http://localhost:3000/apply#contact","viewport":{"width":1440,"height":719},"payload":{"target":{"tag":"img","id":null,"name":null,"type":null,"role":null,"ariaLabel":null,"testId":null,"dataLoc":null,"href":null,"text":"","selectorHint":"img"},"x":259,"y":503}}
[2026-03-05T12:21:42.614Z] {"timestamp":1772713302222,"kind":"scroll","url":"http://localhost:3000/apply#contact","viewport":{"width":932,"height":719},"payload":{"scrollX":0,"scrollY":594,"documentHeight":5643,"viewportHeight":719}}
[2026-03-05T12:21:46.606Z] {"timestamp":1772713304809,"kind":"focusin","url":"http://localhost:3000/apply#contact","viewport":{"width":932,"height":719},"payload":{"target":{"tag":"a","id":null,"name":null,"type":null,"role":null,"ariaLabel":null,"testId":null,"dataLoc":null,"href":"#","text":"Freitag Health Insurance","selectorHint":"a"}}}
[2026-03-05T12:21:46.606Z] {"timestamp":1772713305694,"kind":"scroll","url":"http://localhost:3000/apply#contact","viewport":{"width":1440,"height":719},"payload":{"scrollX":0,"scrollY":0.5,"documentHeight":5257,"viewportHeight":719}}
[2026-03-05T12:21:46.606Z] {"timestamp":1772713306209,"kind":"scroll","url":"http://localhost:3000/apply#contact","viewport":{"width":1440,"height":719},"payload":{"scrollX":0,"scrollY":59.5,"documentHeight":5257,"viewportHeight":719}}
[2026-03-05T12:21:48.605Z] {"timestamp":1772713307486,"kind":"focusout","url":"http://localhost:3000/apply#contact","viewport":{"width":1440,"height":719},"payload":{"target":{"tag":"a","id":null,"name":null,"type":null,"role":null,"ariaLabel":null,"testId":null,"dataLoc":null,"href":"#","text":"Freitag Health Insurance","selectorHint":"a"},"value":null}}
[2026-03-05T12:21:48.605Z] {"timestamp":1772713307587,"kind":"click","url":"http://localhost:3000/apply#contact","viewport":{"width":1440,"height":719},"payload":{"target":{"tag":"div","id":null,"name":null,"type":null,"role":null,"ariaLabel":null,"testId":null,"dataLoc":null,"href":null,"text":"Join a Winning Team Build Your Insurance Career With Us Contact us to see if Hea…","selectorHint":"div"},"x":586,"y":200}}
[2026-03-05T12:21:50.603Z] {"timestamp":1772713309053,"kind":"scroll","url":"http://localhost:3000/apply#contact","viewport":{"width":1440,"height":719},"payload":{"scrollX":0,"scrollY":0.5,"documentHeight":5257,"viewportHeight":719}}
[2026-03-05T12:21:52.606Z] {"timestamp":1772713311226,"kind":"scroll","url":"http://localhost:3000/apply#contact","viewport":{"width":1440,"height":719},"payload":{"scrollX":0,"scrollY":70.5,"documentHeight":5257,"viewportHeight":719}}
[2026-03-05T12:21:52.606Z] {"timestamp":1772713311726,"kind":"scroll","url":"http://localhost:3000/apply#contact","viewport":{"width":1440,"height":719},"payload":{"scrollX":0,"scrollY":146,"documentHeight":5257,"viewportHeight":719}}
[2026-03-05T12:21:54.606Z] {"timestamp":1772713313093,"kind":"scroll","url":"http://localhost:3000/apply#contact","viewport":{"width":1440,"height":719},"payload":{"scrollX":0,"scrollY":509.5,"documentHeight":5257,"viewportHeight":719}}
[2026-03-05T12:21:54.606Z] {"timestamp":1772713314303,"kind":"scroll","url":"http://localhost:3000/apply#contact","viewport":{"width":1440,"height":719},"payload":{"scrollX":0,"scrollY":890,"documentHeight":5257,"viewportHeight":719}}
[2026-03-05T12:21:56.605Z] {"timestamp":1772713314921,"kind":"scroll","url":"http://localhost:3000/apply#contact","viewport":{"width":1440,"height":719},"payload":{"scrollX":0,"scrollY":2.5,"documentHeight":5257,"viewportHeight":719}}
[2026-03-05T12:21:56.605Z] {"timestamp":1772713315426,"kind":"scroll","url":"http://localhost:3000/apply#contact","viewport":{"width":1440,"height":719},"payload":{"scrollX":0,"scrollY":1341.5,"documentHeight":5257,"viewportHeight":719}}
[2026-03-05T12:21:56.605Z] {"timestamp":1772713315943,"kind":"scroll","url":"http://localhost:3000/apply#contact","viewport":{"width":1440,"height":719},"payload":{"scrollX":0,"scrollY":1796,"documentHeight":5257,"viewportHeight":719}}
[2026-03-05T12:21:56.605Z] {"timestamp":1772713316444,"kind":"scroll","url":"http://localhost:3000/apply#contact","viewport":{"width":1440,"height":719},"payload":{"scrollX":0,"scrollY":3508.5,"documentHeight":5257,"viewportHeight":719}}
[2026-03-05T12:21:58.617Z] {"timestamp":1772713317237,"kind":"scroll","url":"http://localhost:3000/apply#contact","viewport":{"width":1440,"height":719},"payload":{"scrollX":0,"scrollY":4397,"documentHeight":5257,"viewportHeight":719}}
[2026-03-05T12:21:58.617Z] {"timestamp":1772713317743,"kind":"scroll","url":"http://localhost:3000/apply#contact","viewport":{"width":1440,"height":719},"payload":{"scrollX":0,"scrollY":3963.5,"documentHeight":5257,"viewportHeight":719}}
[2026-03-05T12:21:58.617Z] {"timestamp":1772713318260,"kind":"scroll","url":"http://localhost:3000/apply#contact","viewport":{"width":1440,"height":719},"payload":{"scrollX":0,"scrollY":2799,"documentHeight":5257,"viewportHeight":719}}
[2026-03-05T12:22:00.605Z] {"timestamp":1772713319544,"kind":"scroll","url":"http://localhost:3000/apply#contact","viewport":{"width":1440,"height":719},"payload":{"scrollX":0,"scrollY":0.5,"documentHeight":5257,"viewportHeight":719}}
[2026-03-05T12:22:02.606Z] {"timestamp":1772713321358,"kind":"click","url":"http://localhost:3000/apply#contact","viewport":{"width":1440,"height":719},"payload":{"target":{"tag":"img","id":null,"name":null,"type":null,"role":null,"ariaLabel":null,"testId":null,"dataLoc":null,"href":null,"text":"","selectorHint":"img"},"x":1049,"y":435}}
[2026-03-05T12:29:09.092Z] {"timestamp":1772713747192,"kind":"scroll","url":"http://localhost:3000/apply#contact","viewport":{"width":1440,"height":719},"payload":{"scrollX":0,"scrollY":4,"documentHeight":5257,"viewportHeight":719}}
[2026-03-05T13:29:20.558Z] {"timestamp":1772717358720,"kind":"scroll","url":"http://localhost:3000/apply#contact","viewport":{"width":1440,"height":719},"payload":{"scrollX":0,"scrollY":4,"documentHeight":5257,"viewportHeight":719}}
[2026-03-05T13:54:26.040Z] {"timestamp":1772718865673,"kind":"scroll","url":"http://localhost:3000/apply#contact","viewport":{"width":1440,"height":719},"payload":{"scrollX":0,"scrollY":3.5,"documentHeight":5257,"viewportHeight":719}}
[2026-03-05T13:54:28.028Z] {"timestamp":1772718866189,"kind":"scroll","url":"http://localhost:3000/apply#contact","viewport":{"width":1440,"height":719},"payload":{"scrollX":0,"scrollY":28.5,"documentHeight":5257,"viewportHeight":719}}
[2026-03-05T13:54:46.036Z] {"timestamp":1772718885717,"kind":"scroll","url":"http://localhost:3000/apply#contact","viewport":{"width":1440,"height":719},"payload":{"scrollX":0,"scrollY":39,"documentHeight":5257,"viewportHeight":719}}
[2026-03-05T13:54:48.058Z] {"timestamp":1772718887200,"kind":"scroll","url":"http://localhost:3000/apply#contact","viewport":{"width":1440,"height":719},"payload":{"scrollX":0,"scrollY":939.5,"documentHeight":5257,"viewportHeight":719}}
[2026-03-05T13:54:48.058Z] {"timestamp":1772718887872,"kind":"scroll","url":"http://localhost:3000/apply#contact","viewport":{"width":1440,"height":719},"payload":{"scrollX":0,"scrollY":2443,"documentHeight":5257,"viewportHeight":719}}
[2026-03-05T13:54:50.027Z] {"timestamp":1772718888600,"kind":"scroll","url":"http://localhost:3000/apply#contact","viewport":{"width":1440,"height":719},"payload":{"scrollX":0,"scrollY":2870.5,"documentHeight":5257,"viewportHeight":719}}
[2026-03-05T13:54:50.027Z] {"timestamp":1772718889266,"kind":"scroll","url":"http://localhost:3000/apply#contact","viewport":{"width":1440,"height":719},"payload":{"scrollX":0,"scrollY":3341.5,"documentHeight":5257,"viewportHeight":719}}
[2026-03-05T13:54:50.027Z] {"timestamp":1772718889899,"kind":"scroll","url":"http://localhost:3000/apply#contact","viewport":{"width":1440,"height":719},"payload":{"scrollX":0,"scrollY":3766,"documentHeight":5257,"viewportHeight":719}}
[2026-03-05T14:47:35.127Z] {"timestamp":1772722054655,"kind":"scroll","url":"http://localhost:3000/","viewport":{"width":1440,"height":719},"payload":{"scrollX":0,"scrollY":0.5,"documentHeight":5077,"viewportHeight":719}}
[2026-03-05T14:47:37.126Z] {"timestamp":1772722055265,"kind":"scroll","url":"http://localhost:3000/","viewport":{"width":1440,"height":719},"payload":{"scrollX":0,"scrollY":2005,"documentHeight":5077,"viewportHeight":719}}
[2026-03-05T14:47:37.126Z] {"timestamp":1772722055831,"kind":"scroll","url":"http://localhost:3000/","viewport":{"width":1440,"height":719},"payload":{"scrollX":0,"scrollY":4079.5,"documentHeight":5077,"viewportHeight":719}}
[2026-03-05T14:47:37.126Z] {"timestamp":1772722056582,"kind":"scroll","url":"http://localhost:3000/","viewport":{"width":1440,"height":719},"payload":{"scrollX":0,"scrollY":4355,"documentHeight":5077,"viewportHeight":719}}
[2026-03-05T14:47:37.126Z] {"timestamp":1772722057082,"kind":"scroll","url":"http://localhost:3000/","viewport":{"width":1440,"height":719},"payload":{"scrollX":0,"scrollY":163,"documentHeight":5077,"viewportHeight":719}}
[2026-03-05T14:47:45.129Z] {"timestamp":1772722063194,"kind":"focusin","url":"http://localhost:3000/","viewport":{"width":1440,"height":719},"payload":{"target":{"tag":"a","id":null,"name":null,"type":null,"role":null,"ariaLabel":null,"testId":null,"dataLoc":null,"href":"#sales","text":"Our Services","selectorHint":"a"}}}
[2026-03-05T14:47:45.129Z] {"timestamp":1772722063273,"kind":"click","url":"http://localhost:3000/","viewport":{"width":1440,"height":719},"payload":{"target":{"tag":"span","id":null,"name":null,"type":null,"role":null,"ariaLabel":null,"testId":null,"dataLoc":null,"href":null,"text":"","selectorHint":"span"},"x":668,"y":52}}
[2026-03-05T14:47:45.129Z] {"timestamp":1772722063274,"kind":"navigate","url":"http://localhost:3000/#sales","viewport":{"width":1440,"height":719},"payload":{"reason":"popstate"}}
[2026-03-05T14:47:45.129Z] {"timestamp":1772722063275,"kind":"navigate","url":"http://localhost:3000/#sales","viewport":{"width":1440,"height":719},"payload":{"reason":"hashchange"}}
[2026-03-05T14:47:45.129Z] {"timestamp":1772722063871,"kind":"focusout","url":"http://localhost:3000/#sales","viewport":{"width":1440,"height":719},"payload":{"target":{"tag":"a","id":null,"name":null,"type":null,"role":null,"ariaLabel":null,"testId":null,"dataLoc":null,"href":"#sales","text":"Our Services","selectorHint":"a"},"value":null}}
[2026-03-05T14:47:45.129Z] {"timestamp":1772722063872,"kind":"focusin","url":"http://localhost:3000/#sales","viewport":{"width":1440,"height":719},"payload":{"target":{"tag":"a","id":null,"name":null,"type":null,"role":null,"ariaLabel":null,"testId":null,"dataLoc":null,"href":"#benefits","text":"Why Join","selectorHint":"a"}}}
[2026-03-05T14:47:45.129Z] {"timestamp":1772722063948,"kind":"click","url":"http://localhost:3000/#sales","viewport":{"width":1440,"height":719},"payload":{"target":{"tag":"a","id":null,"name":null,"type":null,"role":null,"ariaLabel":null,"testId":null,"dataLoc":null,"href":"#benefits","text":"Why Join","selectorHint":"a"},"x":765,"y":35}}
[2026-03-05T14:47:45.129Z] {"timestamp":1772722063948,"kind":"navigate","url":"http://localhost:3000/#benefits","viewport":{"width":1440,"height":719},"payload":{"reason":"popstate"}}
[2026-03-05T14:47:45.129Z] {"timestamp":1772722063949,"kind":"focusout","url":"http://localhost:3000/#benefits","viewport":{"width":1440,"height":719},"payload":{"target":{"tag":"a","id":null,"name":null,"type":null,"role":null,"ariaLabel":null,"testId":null,"dataLoc":null,"href":"#benefits","text":"Why Join","selectorHint":"a"},"value":null}}
[2026-03-05T14:47:45.129Z] {"timestamp":1772722063950,"kind":"navigate","url":"http://localhost:3000/#benefits","viewport":{"width":1440,"height":719},"payload":{"reason":"hashchange"}}
[2026-03-05T14:47:45.129Z] {"timestamp":1772722063965,"kind":"scroll","url":"http://localhost:3000/#benefits","viewport":{"width":1440,"height":719},"payload":{"scrollX":0,"scrollY":1,"documentHeight":5077,"viewportHeight":719}}
[2026-03-05T14:47:45.129Z] {"timestamp":1772722064465,"kind":"scroll","url":"http://localhost:3000/#benefits","viewport":{"width":1440,"height":719},"payload":{"scrollX":0,"scrollY":1376,"documentHeight":5077,"viewportHeight":719}}
[2026-03-05T14:47:45.129Z] {"timestamp":1772722065038,"kind":"scroll","url":"http://localhost:3000/#benefits","viewport":{"width":1440,"height":719},"payload":{"scrollX":0,"scrollY":1524.5,"documentHeight":5077,"viewportHeight":719}}
[2026-03-05T14:47:47.128Z] {"timestamp":1772722065565,"kind":"scroll","url":"http://localhost:3000/#benefits","viewport":{"width":1440,"height":719},"payload":{"scrollX":0,"scrollY":44,"documentHeight":5077,"viewportHeight":719}}
[2026-03-05T14:47:47.128Z] {"timestamp":1772722066516,"kind":"scroll","url":"http://localhost:3000/#benefits","viewport":{"width":1440,"height":719},"payload":{"scrollX":0,"scrollY":1042.5,"documentHeight":5077,"viewportHeight":719}}
[2026-03-05T14:47:49.124Z] {"timestamp":1772722067299,"kind":"scroll","url":"http://localhost:3000/#benefits","viewport":{"width":1440,"height":719},"payload":{"scrollX":0,"scrollY":9.5,"documentHeight":5077,"viewportHeight":719}}
[2026-03-05T14:47:49.124Z] {"timestamp":1772722067865,"kind":"scroll","url":"http://localhost:3000/#benefits","viewport":{"width":1440,"height":719},"payload":{"scrollX":0,"scrollY":3324,"documentHeight":5077,"viewportHeight":719}}
[2026-03-05T14:47:49.124Z] {"timestamp":1772722068682,"kind":"scroll","url":"http://localhost:3000/#benefits","viewport":{"width":1440,"height":719},"payload":{"scrollX":0,"scrollY":4355.5,"documentHeight":5077,"viewportHeight":719}}
[2026-03-05T14:47:51.127Z] {"timestamp":1772722069182,"kind":"scroll","url":"http://localhost:3000/#benefits","viewport":{"width":1440,"height":719},"payload":{"scrollX":0,"scrollY":114.5,"documentHeight":5077,"viewportHeight":719}}
[2026-03-05T14:47:51.127Z] {"timestamp":1772722070091,"kind":"click","url":"http://localhost:3000/#benefits","viewport":{"width":1440,"height":719},"payload":{"target":{"tag":"div","id":null,"name":null,"type":null,"role":null,"ariaLabel":null,"testId":null,"dataLoc":null,"href":null,"text":"","selectorHint":"div"},"x":839,"y":339}}
[2026-03-05T14:49:17.126Z] {"timestamp":1772722156821,"kind":"click","url":"http://localhost:3000/#benefits","viewport":{"width":1440,"height":719},"payload":{"target":{"tag":"div","id":null,"name":null,"type":null,"role":null,"ariaLabel":null,"testId":null,"dataLoc":null,"href":null,"text":"Join a Winning Team Build Your Insurance Career With Us Contact us to see if Hea…","selectorHint":"div"},"x":817,"y":290}}
[2026-03-05T15:10:15.418Z] {"timestamp":1772723413545,"kind":"scroll","url":"http://localhost:3000/#benefits","viewport":{"width":1440,"height":719},"payload":{"scrollX":0,"scrollY":105,"documentHeight":5077,"viewportHeight":719}}
[2026-03-05T15:10:15.418Z] {"timestamp":1772723414929,"kind":"click","url":"http://localhost:3000/#benefits","viewport":{"width":1440,"height":719},"payload":{"target":{"tag":"div","id":null,"name":null,"type":null,"role":null,"ariaLabel":null,"testId":null,"dataLoc":null,"href":null,"text":"","selectorHint":"div"},"x":843,"y":270}}
[2026-03-05T15:19:51.415Z] {"timestamp":1772723991297,"kind":"click","url":"http://localhost:3000/#benefits","viewport":{"width":1440,"height":719},"payload":{"target":{"tag":"div","id":null,"name":null,"type":null,"role":null,"ariaLabel":null,"testId":null,"dataLoc":null,"href":null,"text":"","selectorHint":"div"},"x":838,"y":470}}
[2026-03-05T15:19:54.441Z] {"timestamp":1772723992581,"kind":"scroll","url":"http://localhost:3000/#benefits","viewport":{"width":1440,"height":719},"payload":{"scrollX":0,"scrollY":105,"documentHeight":5077,"viewportHeight":719}}
[2026-03-05T15:20:57.481Z] {"timestamp":1772724055539,"kind":"scroll","url":"http://localhost:3000/#benefits","viewport":{"width":1440,"height":719},"payload":{"scrollX":0,"scrollY":105,"documentHeight":5077,"viewportHeight":719}}
[2026-03-05T15:20:57.481Z] {"timestamp":1772724057188,"kind":"navigate","url":"http://localhost:3000/#benefits","viewport":{"width":1440,"height":719},"payload":{"reason":"popstate"}}
[2026-03-05T15:20:57.481Z] {"timestamp":1772724057193,"kind":"scroll","url":"http://localhost:3000/#benefits","viewport":{"width":1440,"height":719},"payload":{"scrollX":0,"scrollY":106,"documentHeight":5077,"viewportHeight":719}}
[2026-03-05T15:20:59.477Z] {"timestamp":1772724057693,"kind":"scroll","url":"http://localhost:3000/#benefits","viewport":{"width":1440,"height":719},"payload":{"scrollX":0,"scrollY":1402,"documentHeight":5077,"viewportHeight":719}}
[2026-03-05T15:20:59.477Z] {"timestamp":1772724058195,"kind":"scroll","url":"http://localhost:3000/#benefits","viewport":{"width":1440,"height":719},"payload":{"scrollX":0,"scrollY":1524.5,"documentHeight":5077,"viewportHeight":719}}
[2026-03-05T15:21:01.471Z] {"timestamp":1772724059504,"kind":"focusin","url":"http://localhost:3000/#benefits","viewport":{"width":1440,"height":719},"payload":{"target":{"tag":"a","id":null,"name":null,"type":null,"role":null,"ariaLabel":null,"testId":null,"dataLoc":null,"href":"#about","text":"About","selectorHint":"a"}}}
[2026-03-05T15:21:01.471Z] {"timestamp":1772724059587,"kind":"click","url":"http://localhost:3000/#benefits","viewport":{"width":1440,"height":719},"payload":{"target":{"tag":"a","id":null,"name":null,"type":null,"role":null,"ariaLabel":null,"testId":null,"dataLoc":null,"href":"#about","text":"About","selectorHint":"a"},"x":541,"y":33}}
[2026-03-05T15:21:01.471Z] {"timestamp":1772724059589,"kind":"navigate","url":"http://localhost:3000/#about","viewport":{"width":1440,"height":719},"payload":{"reason":"popstate"}}
[2026-03-05T15:21:01.471Z] {"timestamp":1772724059591,"kind":"focusout","url":"http://localhost:3000/#about","viewport":{"width":1440,"height":719},"payload":{"target":{"tag":"a","id":null,"name":null,"type":null,"role":null,"ariaLabel":null,"testId":null,"dataLoc":null,"href":"#about","text":"About","selectorHint":"a"},"value":null}}
[2026-03-05T15:21:01.471Z] {"timestamp":1772724059593,"kind":"navigate","url":"http://localhost:3000/#about","viewport":{"width":1440,"height":719},"payload":{"reason":"hashchange"}}
[2026-03-05T15:21:01.471Z] {"timestamp":1772724059610,"kind":"scroll","url":"http://localhost:3000/#about","viewport":{"width":1440,"height":719},"payload":{"scrollX":0,"scrollY":1.5,"documentHeight":5077,"viewportHeight":719}}
[2026-03-05T15:21:01.471Z] {"timestamp":1772724060126,"kind":"scroll","url":"http://localhost:3000/#about","viewport":{"width":1440,"height":719},"payload":{"scrollX":0,"scrollY":673.5,"documentHeight":5077,"viewportHeight":719}}
[2026-03-05T15:21:03.472Z] {"timestamp":1772724061488,"kind":"focusin","url":"http://localhost:3000/#about","viewport":{"width":1440,"height":719},"payload":{"target":{"tag":"a","id":null,"name":null,"type":null,"role":null,"ariaLabel":null,"testId":null,"dataLoc":null,"href":"#sales","text":"Our Services","selectorHint":"a"}}}
[2026-03-05T15:21:03.472Z] {"timestamp":1772724061571,"kind":"click","url":"http://localhost:3000/#about","viewport":{"width":1440,"height":719},"payload":{"target":{"tag":"a","id":null,"name":null,"type":null,"role":null,"ariaLabel":null,"testId":null,"dataLoc":null,"href":"#sales","text":"Our Services","selectorHint":"a"},"x":668,"y":47}}
[2026-03-05T15:21:03.472Z] {"timestamp":1772724061572,"kind":"navigate","url":"http://localhost:3000/#sales","viewport":{"width":1440,"height":719},"payload":{"reason":"popstate"}}
[2026-03-05T15:21:03.472Z] {"timestamp":1772724061578,"kind":"navigate","url":"http://localhost:3000/#sales","viewport":{"width":1440,"height":719},"payload":{"reason":"hashchange"}}
[2026-03-05T15:21:03.472Z] {"timestamp":1772724062549,"kind":"focusout","url":"http://localhost:3000/#sales","viewport":{"width":1440,"height":719},"payload":{"target":{"tag":"a","id":null,"name":null,"type":null,"role":null,"ariaLabel":null,"testId":null,"dataLoc":null,"href":"#sales","text":"Our Services","selectorHint":"a"},"value":null}}
[2026-03-05T15:21:03.472Z] {"timestamp":1772724062550,"kind":"focusin","url":"http://localhost:3000/#sales","viewport":{"width":1440,"height":719},"payload":{"target":{"tag":"a","id":null,"name":null,"type":null,"role":null,"ariaLabel":null,"testId":null,"dataLoc":null,"href":"#benefits","text":"Why Join","selectorHint":"a"}}}
[2026-03-05T15:21:03.472Z] {"timestamp":1772724062642,"kind":"click","url":"http://localhost:3000/#sales","viewport":{"width":1440,"height":719},"payload":{"target":{"tag":"a","id":null,"name":null,"type":null,"role":null,"ariaLabel":null,"testId":null,"dataLoc":null,"href":"#benefits","text":"Why Join","selectorHint":"a"},"x":786,"y":50}}
[2026-03-05T15:21:03.472Z] {"timestamp":1772724062643,"kind":"navigate","url":"http://localhost:3000/#benefits","viewport":{"width":1440,"height":719},"payload":{"reason":"popstate"}}
[2026-03-05T15:21:03.472Z] {"timestamp":1772724062644,"kind":"focusout","url":"http://localhost:3000/#benefits","viewport":{"width":1440,"height":719},"payload":{"target":{"tag":"a","id":null,"name":null,"type":null,"role":null,"ariaLabel":null,"testId":null,"dataLoc":null,"href":"#benefits","text":"Why Join","selectorHint":"a"},"value":null}}
[2026-03-05T15:21:03.472Z] {"timestamp":1772724062645,"kind":"navigate","url":"http://localhost:3000/#benefits","viewport":{"width":1440,"height":719},"payload":{"reason":"hashchange"}}
[2026-03-05T15:21:03.472Z] {"timestamp":1772724062660,"kind":"scroll","url":"http://localhost:3000/#benefits","viewport":{"width":1440,"height":719},"payload":{"scrollX":0,"scrollY":1,"documentHeight":5077,"viewportHeight":719}}
[2026-03-05T15:21:03.472Z] {"timestamp":1772724063160,"kind":"scroll","url":"http://localhost:3000/#benefits","viewport":{"width":1440,"height":719},"payload":{"scrollX":0,"scrollY":1376,"documentHeight":5077,"viewportHeight":719}}
[2026-03-05T15:21:05.471Z] {"timestamp":1772724064141,"kind":"focusin","url":"http://localhost:3000/#benefits","viewport":{"width":1440,"height":719},"payload":{"target":{"tag":"a","id":null,"name":null,"type":null,"role":null,"ariaLabel":null,"testId":null,"dataLoc":null,"href":"#testimonials","text":"Success Stories","selectorHint":"a"}}}
[2026-03-05T15:21:05.471Z] {"timestamp":1772724064191,"kind":"click","url":"http://localhost:3000/#benefits","viewport":{"width":1440,"height":719},"payload":{"target":{"tag":"a","id":null,"name":null,"type":null,"role":null,"ariaLabel":null,"testId":null,"dataLoc":null,"href":"#testimonials","text":"Success Stories","selectorHint":"a"},"x":870,"y":49}}
[2026-03-05T15:21:05.471Z] {"timestamp":1772724064192,"kind":"navigate","url":"http://localhost:3000/#testimonials","viewport":{"width":1440,"height":719},"payload":{"reason":"popstate"}}
[2026-03-05T15:21:05.471Z] {"timestamp":1772724064192,"kind":"focusout","url":"http://localhost:3000/#testimonials","viewport":{"width":1440,"height":719},"payload":{"target":{"tag":"a","id":null,"name":null,"type":null,"role":null,"ariaLabel":null,"testId":null,"dataLoc":null,"href":"#testimonials","text":"Success Stories","selectorHint":"a"},"value":null}}
[2026-03-05T15:21:05.471Z] {"timestamp":1772724064193,"kind":"navigate","url":"http://localhost:3000/#testimonials","viewport":{"width":1440,"height":719},"payload":{"reason":"hashchange"}}
[2026-03-05T15:21:05.471Z] {"timestamp":1772724064210,"kind":"scroll","url":"http://localhost:3000/#testimonials","viewport":{"width":1440,"height":719},"payload":{"scrollX":0,"scrollY":1526,"documentHeight":5077,"viewportHeight":719}}
[2026-03-05T15:21:05.471Z] {"timestamp":1772724064711,"kind":"scroll","url":"http://localhost:3000/#testimonials","viewport":{"width":1440,"height":719},"payload":{"scrollX":0,"scrollY":2653,"documentHeight":5077,"viewportHeight":719}}
[2026-03-05T15:21:05.471Z] {"timestamp":1772724065083,"kind":"focusin","url":"http://localhost:3000/#testimonials","viewport":{"width":1440,"height":719},"payload":{"target":{"tag":"a","id":null,"name":null,"type":null,"role":null,"ariaLabel":null,"testId":null,"dataLoc":null,"href":"#contact","text":"Contact","selectorHint":"a"}}}
[2026-03-05T15:21:05.471Z] {"timestamp":1772724065142,"kind":"click","url":"http://localhost:3000/#testimonials","viewport":{"width":1440,"height":719},"payload":{"target":{"tag":"a","id":null,"name":null,"type":null,"role":null,"ariaLabel":null,"testId":null,"dataLoc":null,"href":"#contact","text":"Contact","selectorHint":"a"},"x":970,"y":50}}
[2026-03-05T15:21:05.471Z] {"timestamp":1772724065142,"kind":"navigate","url":"http://localhost:3000/#contact","viewport":{"width":1440,"height":719},"payload":{"reason":"popstate"}}
[2026-03-05T15:21:05.471Z] {"timestamp":1772724065143,"kind":"focusout","url":"http://localhost:3000/#contact","viewport":{"width":1440,"height":719},"payload":{"target":{"tag":"a","id":null,"name":null,"type":null,"role":null,"ariaLabel":null,"testId":null,"dataLoc":null,"href":"#contact","text":"Contact","selectorHint":"a"},"value":null}}
[2026-03-05T15:21:05.471Z] {"timestamp":1772724065143,"kind":"navigate","url":"http://localhost:3000/#contact","viewport":{"width":1440,"height":719},"payload":{"reason":"hashchange"}}
[2026-03-05T15:21:05.471Z] {"timestamp":1772724065226,"kind":"scroll","url":"http://localhost:3000/#contact","viewport":{"width":1440,"height":719},"payload":{"scrollX":0,"scrollY":2765.5,"documentHeight":5077,"viewportHeight":719}}
[2026-03-05T15:21:07.471Z] {"timestamp":1772724065729,"kind":"scroll","url":"http://localhost:3000/#contact","viewport":{"width":1440,"height":719},"payload":{"scrollX":0,"scrollY":3949,"documentHeight":5077,"viewportHeight":719}}
[2026-03-05T15:21:07.471Z] {"timestamp":1772724067085,"kind":"click","url":"http://localhost:3000/#contact","viewport":{"width":1440,"height":719},"payload":{"target":{"tag":"div","id":null,"name":null,"type":null,"role":null,"ariaLabel":null,"testId":null,"dataLoc":null,"href":null,"text":"","selectorHint":"div"},"x":684,"y":411}}
[2026-03-05T15:21:11.474Z] {"timestamp":1772724071182,"kind":"scroll","url":"http://localhost:3000/#contact","viewport":{"width":932,"height":719},"payload":{"scrollX":0,"scrollY":4004,"documentHeight":5643,"viewportHeight":719}}
[2026-03-05T15:21:13.473Z] {"timestamp":1772724071683,"kind":"scroll","url":"http://localhost:3000/#contact","viewport":{"width":932,"height":719},"payload":{"scrollX":0,"scrollY":4890,"documentHeight":5643,"viewportHeight":719}}
[2026-03-05T15:21:17.478Z] {"timestamp":1772724077043,"kind":"scroll","url":"http://localhost:3000/#contact","viewport":{"width":932,"height":719},"payload":{"scrollX":0,"scrollY":4841,"documentHeight":5643,"viewportHeight":719}}
[2026-03-05T15:21:21.472Z] {"timestamp":1772724080265,"kind":"scroll","url":"http://localhost:3000/#contact","viewport":{"width":932,"height":719},"payload":{"scrollX":0,"scrollY":4390.5,"documentHeight":5643,"viewportHeight":719}}
[2026-03-05T15:24:37.480Z] {"timestamp":1772724275736,"kind":"scroll","url":"http://localhost:3000/#contact","viewport":{"width":1440,"height":719},"payload":{"scrollX":0,"scrollY":4358,"documentHeight":5077,"viewportHeight":719}}
[2026-03-05T15:24:39.477Z] {"timestamp":1772724277731,"kind":"navigate","url":"http://localhost:3000/#contact","viewport":{"width":1440,"height":719},"payload":{"reason":"popstate"}}
[2026-03-05T15:24:39.477Z] {"timestamp":1772724277742,"kind":"scroll","url":"http://localhost:3000/#contact","viewport":{"width":1440,"height":719},"payload":{"scrollX":0,"scrollY":4357,"documentHeight":5077,"viewportHeight":719}}
[2026-03-05T15:24:46.046Z] {"timestamp":1772724285015,"kind":"scroll","url":"http://localhost:3001/","viewport":{"width":1440,"height":719},"payload":{"scrollX":0,"scrollY":0.5,"documentHeight":5077,"viewportHeight":719}}
[2026-03-05T15:24:46.046Z] {"timestamp":1772724285642,"kind":"scroll","url":"http://localhost:3001/","viewport":{"width":1440,"height":719},"payload":{"scrollX":0,"scrollY":886,"documentHeight":5077,"viewportHeight":719}}
[2026-03-05T15:24:48.045Z] {"timestamp":1772724286159,"kind":"scroll","url":"http://localhost:3001/","viewport":{"width":1440,"height":719},"payload":{"scrollX":0,"scrollY":2361,"documentHeight":5077,"viewportHeight":719}}
[2026-03-05T15:24:48.045Z] {"timestamp":1772724286676,"kind":"scroll","url":"http://localhost:3001/","viewport":{"width":1440,"height":719},"payload":{"scrollX":0,"scrollY":3991,"documentHeight":5077,"viewportHeight":719}}
[2026-03-05T15:24:48.045Z] {"timestamp":1772724287265,"kind":"scroll","url":"http://localhost:3001/","viewport":{"width":1440,"height":719},"payload":{"scrollX":0,"scrollY":4355.5,"documentHeight":5077,"viewportHeight":719}}
[2026-03-05T15:32:18.717Z] {"timestamp":1772724736810,"kind":"scroll","url":"http://localhost:3001/","viewport":{"width":1440,"height":719},"payload":{"scrollX":0,"scrollY":3915.5,"documentHeight":5077,"viewportHeight":719}}
[2026-03-05T15:32:18.717Z] {"timestamp":1772724738213,"kind":"scroll","url":"http://localhost:3001/","viewport":{"width":1440,"height":719},"payload":{"scrollX":0,"scrollY":3916.5,"documentHeight":5077,"viewportHeight":719}}
[2026-03-05T15:32:20.712Z] {"timestamp":1772724738831,"kind":"scroll","url":"http://localhost:3001/","viewport":{"width":1440,"height":719},"payload":{"scrollX":0,"scrollY":4356.5,"documentHeight":5077,"viewportHeight":719}}
[2026-03-05T15:32:20.712Z] {"timestamp":1772724740161,"kind":"click","url":"http://localhost:3001/","viewport":{"width":1440,"height":719},"payload":{"target":{"tag":"img","id":null,"name":null,"type":null,"role":null,"ariaLabel":null,"testId":null,"dataLoc":null,"href":null,"text":"","selectorHint":"img"},"x":857,"y":352}}
[2026-03-05T15:32:20.712Z] {"timestamp":1772724740318,"kind":"click","url":"http://localhost:3001/","viewport":{"width":1440,"height":719},"payload":{"target":{"tag":"img","id":null,"name":null,"type":null,"role":null,"ariaLabel":null,"testId":null,"dataLoc":null,"href":null,"text":"","selectorHint":"img"},"x":857,"y":352}}
[2026-03-05T15:54:14.931Z] {"timestamp":1772726054128,"kind":"scroll","url":"http://localhost:3000/#about","viewport":{"width":1440,"height":719},"payload":{"scrollX":0,"scrollY":30.5,"documentHeight":5077,"viewportHeight":719}}
[2026-03-05T15:54:14.931Z] {"timestamp":1772726054651,"kind":"scroll","url":"http://localhost:3000/#about","viewport":{"width":1440,"height":719},"payload":{"scrollX":0,"scrollY":2092,"documentHeight":5077,"viewportHeight":719}}
[2026-03-05T15:57:48.037Z] {"timestamp":1772726266200,"kind":"scroll","url":"http://localhost:3000/","viewport":{"width":1440,"height":719},"payload":{"scrollX":0,"scrollY":0.5,"documentHeight":5077,"viewportHeight":719}}
[2026-03-05T15:57:48.037Z] {"timestamp":1772726266479,"kind":"click","url":"http://localhost:3000/","viewport":{"width":1440,"height":719},"payload":{"target":{"tag":"div","id":null,"name":null,"type":null,"role":null,"ariaLabel":null,"testId":null,"dataLoc":null,"href":null,"text":"","selectorHint":"div"},"x":872,"y":334}}
[2026-03-05T15:57:48.037Z] {"timestamp":1772726266635,"kind":"click","url":"http://localhost:3000/","viewport":{"width":1440,"height":719},"payload":{"target":{"tag":"div","id":null,"name":null,"type":null,"role":null,"ariaLabel":null,"testId":null,"dataLoc":null,"href":null,"text":"","selectorHint":"div"},"x":872,"y":334}}
